Copyright 1986-2018 Xilinx, Inc. All Rights Reserved.
----------------------------------------------------------------------------------------------------------------------------------------------------------------------------------
| Tool Version     : Vivado v.2018.3 (win64) Build 2405991 Thu Dec  6 23:38:27 MST 2018
| Date             : Sat Aug  1 10:43:28 2020
| Host             : LAPTOP-EGPC0TEM running 64-bit major release  (build 9200)
| Command          : report_power -file virtual_oscilloscope_power_routed.rpt -pb virtual_oscilloscope_power_summary_routed.pb -rpx virtual_oscilloscope_power_routed.rpx
| Design           : virtual_oscilloscope
| Device           : xc7s15ftgb196-1
| Design State     : routed
| Grade            : commercial
| Process          : typical
| Characterization : Production
----------------------------------------------------------------------------------------------------------------------------------------------------------------------------------

Power Report

Table of Contents
-----------------
1. Summary
1.1 On-Chip Components
1.2 Power Supply Summary
1.3 Confidence Level
2. Settings
2.1 Environment
2.2 Clock Constraints
3. Detailed Reports
3.1 By Hierarchy

1. Summary
----------

+--------------------------+--------------+
| Total On-Chip Power (W)  | 0.402        |
| Design Power Budget (W)  | Unspecified* |
| Power Budget Margin (W)  | NA           |
| Dynamic (W)              | 0.382        |
| Device Static (W)        | 0.020        |
| Effective TJA (C/W)      | 3.4          |
| Max Ambient (C)          | 83.6         |
| Junction Temperature (C) | 26.4         |
| Confidence Level         | Low          |
| Setting File             | ---          |
| Simulation Activity File | ---          |
| Design Nets Matched      | NA           |
+--------------------------+--------------+
* Specify Design Power Budget using, set_operating_conditions -design_power_budget <value in Watts>


1.1 On-Chip Components
----------------------

+----------------+-----------+----------+-----------+-----------------+
| On-Chip        | Power (W) | Used     | Available | Utilization (%) |
+----------------+-----------+----------+-----------+-----------------+
| Clocks         |     0.005 |       10 |       --- |             --- |
| Slice Logic    |     0.005 |     1670 |       --- |             --- |
|   LUT as Logic |     0.004 |      824 |      8000 |           10.30 |
|   CARRY4       |    <0.001 |      145 |      2000 |            7.25 |
|   Register     |    <0.001 |      412 |     16000 |            2.58 |
|   BUFG         |    <0.001 |        2 |        16 |           12.50 |
|   Others       |     0.000 |       80 |       --- |             --- |
| Signals        |     0.005 |     1337 |       --- |             --- |
| Block RAM      |     0.001 |      9.5 |        10 |           95.00 |
| MMCM           |     0.116 |        1 |         2 |           50.00 |
| PLL            |     0.113 |        1 |         2 |           50.00 |
| I/O            |     0.136 |       21 |       100 |           21.00 |
| Static Power   |     0.020 |          |           |                 |
| Total          |     0.402 |          |           |                 |
+----------------+-----------+----------+-----------+-----------------+


1.2 Power Supply Summary
------------------------

+-----------+-------------+-----------+-------------+------------+
| Source    | Voltage (V) | Total (A) | Dynamic (A) | Static (A) |
+-----------+-------------+-----------+-------------+------------+
| Vccint    |       1.000 |     0.033 |       0.029 |      0.004 |
| Vccaux    |       1.800 |     0.129 |       0.121 |      0.007 |
| Vcco33    |       3.300 |     0.042 |       0.041 |      0.001 |
| Vcco25    |       2.500 |     0.000 |       0.000 |      0.000 |
| Vcco18    |       1.800 |     0.000 |       0.000 |      0.000 |
| Vcco15    |       1.500 |     0.000 |       0.000 |      0.000 |
| Vcco135   |       1.350 |     0.000 |       0.000 |      0.000 |
| Vcco12    |       1.200 |     0.000 |       0.000 |      0.000 |
| Vccaux_io |       1.800 |     0.000 |       0.000 |      0.000 |
| Vccbram   |       1.000 |     0.001 |       0.000 |      0.000 |
| Vccadc    |       1.800 |     0.000 |       0.000 |      0.000 |
+-----------+-------------+-----------+-------------+------------+


1.3 Confidence Level
--------------------

+-----------------------------+------------+--------------------------------------------------------+--------------------------------------------------------------------------------------------------------------------+
| User Input Data             | Confidence | Details                                                | Action                                                                                                             |
+-----------------------------+------------+--------------------------------------------------------+--------------------------------------------------------------------------------------------------------------------+
| Design implementation state | High       | Design is routed                                       |                                                                                                                    |
| Clock nodes activity        | Low        | User specified less than 75% of clocks                 | Provide missing clock activity with a constraint file, simulation results or by editing the "By Clock Domain" view |
| I/O nodes activity          | Low        | More than 75% of inputs are missing user specification | Provide missing input activity with simulation results or by editing the "By Resource Type -> I/Os" view           |
| Internal nodes activity     | Medium     | User specified less than 25% of internal nodes         | Provide missing internal nodes activity with simulation results or by editing the "By Resource Type" views         |
| Device models               | High       | Device models are Production                           |                                                                                                                    |
|                             |            |                                                        |                                                                                                                    |
| Overall confidence level    | Low        |                                                        |                                                                                                                    |
+-----------------------------+------------+--------------------------------------------------------+--------------------------------------------------------------------------------------------------------------------+


2. Settings
-----------

2.1 Environment
---------------

+-----------------------+--------------------------+
| Ambient Temp (C)      | 25.0                     |
| ThetaJA (C/W)         | 3.4                      |
| Airflow (LFM)         | 250                      |
| Heat Sink             | medium (Medium Profile)  |
| ThetaSA (C/W)         | 15.4                     |
| Board Selection       | medium (10"x10")         |
| # of Board Layers     | 12to15 (12 to 15 Layers) |
| Board Temperature (C) | 25.0                     |
+-----------------------+--------------------------+


2.2 Clock Constraints
---------------------

+--------------------+-------------------------------------------------+-----------------+
| Clock              | Domain                                          | Constraint (ns) |
+--------------------+-------------------------------------------------+-----------------+
| CLKFBIN            | rgb2dvi/U0/ClockGenInternal.ClockGenX/CLKFBIN   |            13.5 |
| PixelClkIO         | rgb2dvi/U0/ClockGenInternal.ClockGenX/PixelClk  |            13.5 |
| SerialClkIO        | rgb2dvi/U0/ClockGenInternal.ClockGenX/SerialClk |             2.7 |
| clk_100MHz         | clk_100MHz                                      |            10.0 |
| clk_out1_clk_wiz_0 | clk_10/inst/clk_out1_clk_wiz_0                  |            13.5 |
| clk_out2_clk_wiz_0 | clk_10/inst/clk_out2_clk_wiz_0                  |            10.0 |
| clkfbout_clk_wiz_0 | clk_10/inst/clkfbout_clk_wiz_0                  |            10.0 |
+--------------------+-------------------------------------------------+-----------------+


3. Detailed Reports
-------------------

3.1 By Hierarchy
----------------

+--------------------------------------+-----------+
| Name                                 | Power (W) |
+--------------------------------------+-----------+
| virtual_oscilloscope                 |     0.382 |
|   Driver_ADC0                        |     0.011 |
|     Freq_Cal0                        |     0.008 |
|     Sampling_38400_0                 |     0.002 |
|       U0                             |     0.002 |
|   Driver_HDMI0                       |     0.001 |
|   clk_10                             |     0.116 |
|     inst                             |     0.116 |
|   rgb2dvi                            |     0.253 |
|     U0                               |     0.253 |
|       ClockGenInternal.ClockGenX     |     0.114 |
|       ClockSerializer                |     0.033 |
|       DataEncoders[0].DataSerializer |     0.035 |
|       DataEncoders[1].DataSerializer |     0.035 |
|       DataEncoders[2].DataSerializer |     0.035 |
+--------------------------------------+-----------+


